DEBUG main com.bpzj.com.bpzj.log4jTest.log4jTest2 - 调试信息
INFO main com.bpzj.com.bpzj.log4jTest.log4jTest2 - 输出信息
WARN main com.bpzj.com.bpzj.log4jTest.log4jTest2 - 警告信息
ERROR main com.bpzj.com.bpzj.log4jTest.log4jTest2 - 错误信息
FATAL main com.bpzj.com.bpzj.log4jTest.log4jTest2 - 致命信息
DEBUG main com.bpzj.com.bpzj.log4jTest.log4jTest2 - 调试信息
INFO main com.bpzj.com.bpzj.log4jTest.log4jTest2 - 输出信息
WARN main com.bpzj.com.bpzj.log4jTest.log4jTest2 - 警告信息
ERROR main com.bpzj.com.bpzj.log4jTest.log4jTest2 - 错误信息
FATAL main com.bpzj.com.bpzj.log4jTest.log4jTest2 - 致命信息
DEBUG main com.bpzj.com.bpzj.log4jTest.log4jTest2 - 调试信息
INFO main com.bpzj.com.bpzj.log4jTest.log4jTest2 - 输出信息
WARN main com.bpzj.com.bpzj.log4jTest.log4jTest2 - 警告信息
ERROR main com.bpzj.com.bpzj.log4jTest.log4jTest2 - 错误信息
FATAL main com.bpzj.com.bpzj.log4jTest.log4jTest2 - 致命信息
DEBUG main com.bpzj.com.bpzj.log4jTest.log4jTest2 - 调试信息
INFO main com.bpzj.com.bpzj.log4jTest.log4jTest2 - 输出信息
WARN main com.bpzj.com.bpzj.log4jTest.log4jTest2 - 警告信息
ERROR main com.bpzj.com.bpzj.log4jTest.log4jTest2 - 错误信息
FATAL main com.bpzj.com.bpzj.log4jTest.log4jTest2 - 致命信息
DEBUG main com.bpzj.com.bpzj.log4jTest.log4jTest2 - 调试信息
INFO main com.bpzj.com.bpzj.log4jTest.log4jTest2 - 输出信息
WARN main com.bpzj.com.bpzj.log4jTest.log4jTest2 - 警告信息
ERROR main com.bpzj.com.bpzj.log4jTest.log4jTest2 - 错误信息
FATAL main com.bpzj.com.bpzj.log4jTest.log4jTest2 - 致命信息
DEBUG main com.bpzj.com.bpzj.log4jTest.log4jTest2 - 调试信息
INFO main com.bpzj.com.bpzj.log4jTest.log4jTest2 - 输出信息
WARN main com.bpzj.com.bpzj.log4jTest.log4jTest2 - 警告信息
ERROR main com.bpzj.com.bpzj.log4jTest.log4jTest2 - 错误信息
FATAL main com.bpzj.com.bpzj.log4jTest.log4jTest2 - 致命信息
DEBUG main com.bpzj.com.bpzj.log4jTest.log4jTest2 - 调试信息
INFO main com.bpzj.com.bpzj.log4jTest.log4jTest2 - 输出信息
WARN main com.bpzj.com.bpzj.log4jTest.log4jTest2 - 警告信息
ERROR main com.bpzj.com.bpzj.log4jTest.log4jTest2 - 错误信息
FATAL main com.bpzj.com.bpzj.log4jTest.log4jTest2 - 致命信息
DEBUG main com.bpzj.com.bpzj.log4jTest.log4jTest2 - 调试信息
INFO main com.bpzj.com.bpzj.log4jTest.log4jTest2 - 输出信息
WARN main com.bpzj.com.bpzj.log4jTest.log4jTest2 - 警告信息
ERROR main com.bpzj.com.bpzj.log4jTest.log4jTest2 - 错误信息
FATAL main com.bpzj.com.bpzj.log4jTest.log4jTest2 - 致命信息
DEBUG main com.bpzj.com.bpzj.log4jTest.log4jTest2 - 调试信息
INFO main com.bpzj.com.bpzj.log4jTest.log4jTest2 - 输出信息
WARN main com.bpzj.com.bpzj.log4jTest.log4jTest2 - 警告信息
ERROR main com.bpzj.com.bpzj.log4jTest.log4jTest2 - 错误信息
FATAL main com.bpzj.com.bpzj.log4jTest.log4jTest2 - 致命信息
DEBUG main com.bpzj.com.bpzj.log4jTest.log4jTest2 - 调试信息
INFO main com.bpzj.com.bpzj.log4jTest.log4jTest2 - 输出信息
WARN main com.bpzj.com.bpzj.log4jTest.log4jTest2 - 警告信息
ERROR main com.bpzj.com.bpzj.log4jTest.log4jTest2 - 错误信息
FATAL main com.bpzj.com.bpzj.log4jTest.log4jTest2 - 致命信息
DEBUG main com.bpzj.com.bpzj.log4jTest.log4jTest2 - 调试信息
INFO main com.bpzj.com.bpzj.log4jTest.log4jTest2 - 输出信息
WARN main com.bpzj.com.bpzj.log4jTest.log4jTest2 - 警告信息
ERROR main com.bpzj.com.bpzj.log4jTest.log4jTest2 - 错误信息
FATAL main com.bpzj.com.bpzj.log4jTest.log4jTest2 - 致命信息
DEBUG main com.bpzj.com.bpzj.log4jTest.log4jTest2 - 调试信息
INFO main com.bpzj.com.bpzj.log4jTest.log4jTest2 - 输出信息
WARN main com.bpzj.com.bpzj.log4jTest.log4jTest2 - 警告信息
ERROR main com.bpzj.com.bpzj.log4jTest.log4jTest2 - 错误信息
FATAL main com.bpzj.com.bpzj.log4jTest.log4jTest2 - 致命信息
DEBUG main com.bpzj.com.bpzj.log4jTest.log4jTest2 - 调试信息
INFO main com.bpzj.com.bpzj.log4jTest.log4jTest2 - 输出信息
WARN main com.bpzj.com.bpzj.log4jTest.log4jTest2 - 警告信息
ERROR main com.bpzj.com.bpzj.log4jTest.log4jTest2 - 错误信息
FATAL main com.bpzj.com.bpzj.log4jTest.log4jTest2 - 致命信息
DEBUG main com.bpzj.com.bpzj.log4jTest.log4jTest2 - 调试信息
INFO main com.bpzj.com.bpzj.log4jTest.log4jTest2 - 输出信息
WARN main com.bpzj.com.bpzj.log4jTest.log4jTest2 - 警告信息
ERROR main com.bpzj.com.bpzj.log4jTest.log4jTest2 - 错误信息
FATAL main com.bpzj.com.bpzj.log4jTest.log4jTest2 - 致命信息
DEBUG main com.bpzj.com.bpzj.log4jTest.log4jTest2 - 调试信息
INFO main com.bpzj.com.bpzj.log4jTest.log4jTest2 - 输出信息
WARN main com.bpzj.com.bpzj.log4jTest.log4jTest2 - 警告信息
ERROR main com.bpzj.com.bpzj.log4jTest.log4jTest2 - 错误信息
FATAL main com.bpzj.com.bpzj.log4jTest.log4jTest2 - 致命信息
DEBUG main com.bpzj.com.bpzj.log4jTest.log4jTest2 - 调试信息
INFO main com.bpzj.com.bpzj.log4jTest.log4jTest2 - 输出信息
WARN main com.bpzj.com.bpzj.log4jTest.log4jTest2 - 警告信息
ERROR main com.bpzj.com.bpzj.log4jTest.log4jTest2 - 错误信息
FATAL main com.bpzj.com.bpzj.log4jTest.log4jTest2 - 致命信息
DEBUG main com.bpzj.com.bpzj.log4jTest.log4jTest2 - 调试信息
INFO main com.bpzj.com.bpzj.log4jTest.log4jTest2 - 输出信息
WARN main com.bpzj.com.bpzj.log4jTest.log4jTest2 - 警告信息
ERROR main com.bpzj.com.bpzj.log4jTest.log4jTest2 - 错误信息
FATAL main com.bpzj.com.bpzj.log4jTest.log4jTest2 - 致命信息
DEBUG main com.bpzj.com.bpzj.log4jTest.log4jTest2 - 调试信息
INFO main com.bpzj.com.bpzj.log4jTest.log4jTest2 - 输出信息
WARN main com.bpzj.com.bpzj.log4jTest.log4jTest2 - 警告信息
ERROR main com.bpzj.com.bpzj.log4jTest.log4jTest2 - 错误信息
FATAL main com.bpzj.com.bpzj.log4jTest.log4jTest2 - 致命信息
DEBUG main com.bpzj.com.bpzj.log4jTest.log4jTest2 - 调试信息
INFO main com.bpzj.com.bpzj.log4jTest.log4jTest2 - 输出信息
WARN main com.bpzj.com.bpzj.log4jTest.log4jTest2 - 警告信息
ERROR main com.bpzj.com.bpzj.log4jTest.log4jTest2 - 错误信息
FATAL main com.bpzj.com.bpzj.log4jTest.log4jTest2 - 致命信息
DEBUG main com.bpzj.com.bpzj.log4jTest.log4jTest2 - 调试信息
INFO main com.bpzj.com.bpzj.log4jTest.log4jTest2 - 输出信息
WARN main com.bpzj.com.bpzj.log4jTest.log4jTest2 - 警告信息
ERROR main com.bpzj.com.bpzj.log4jTest.log4jTest2 - 错误信息
FATAL main com.bpzj.com.bpzj.log4jTest.log4jTest2 - 致命信息
DEBUG main com.bpzj.com.bpzj.log4jTest.log4jTest2 - 调试信息
INFO main com.bpzj.com.bpzj.log4jTest.log4jTest2 - 输出信息
WARN main com.bpzj.com.bpzj.log4jTest.log4jTest2 - 警告信息
ERROR main com.bpzj.com.bpzj.log4jTest.log4jTest2 - 错误信息
FATAL main com.bpzj.com.bpzj.log4jTest.log4jTest2 - 致命信息
DEBUG main com.bpzj.com.bpzj.log4jTest.log4jTest2 - 调试信息
INFO main com.bpzj.com.bpzj.log4jTest.log4jTest2 - 输出信息
WARN main com.bpzj.com.bpzj.log4jTest.log4jTest2 - 警告信息
ERROR main com.bpzj.com.bpzj.log4jTest.log4jTest2 - 错误信息
FATAL main com.bpzj.com.bpzj.log4jTest.log4jTest2 - 致命信息
DEBUG main com.bpzj.com.bpzj.log4jTest.log4jTest2 - 调试信息
INFO main com.bpzj.com.bpzj.log4jTest.log4jTest2 - 输出信息
WARN main com.bpzj.com.bpzj.log4jTest.log4jTest2 - 警告信息
ERROR main com.bpzj.com.bpzj.log4jTest.log4jTest2 - 错误信息
FATAL main com.bpzj.com.bpzj.log4jTest.log4jTest2 - 致命信息
DEBUG main com.bpzj.com.bpzj.log4jTest.log4jTest2 - 调试信息
INFO main com.bpzj.com.bpzj.log4jTest.log4jTest2 - 输出信息
WARN main com.bpzj.com.bpzj.log4jTest.log4jTest2 - 警告信息
ERROR main com.bpzj.com.bpzj.log4jTest.log4jTest2 - 错误信息
FATAL main com.bpzj.com.bpzj.log4jTest.log4jTest2 - 致命信息
DEBUG main com.bpzj.com.bpzj.log4jTest.log4jTest2 - 调试信息
INFO main com.bpzj.com.bpzj.log4jTest.log4jTest2 - 输出信息
WARN main com.bpzj.com.bpzj.log4jTest.log4jTest2 - 警告信息
ERROR main com.bpzj.com.bpzj.log4jTest.log4jTest2 - 错误信息
FATAL main com.bpzj.com.bpzj.log4jTest.log4jTest2 - 致命信息
DEBUG main com.bpzj.com.bpzj.log4jTest.log4jTest2 - 调试信息
INFO main com.bpzj.com.bpzj.log4jTest.log4jTest2 - 输出信息
WARN main com.bpzj.com.bpzj.log4jTest.log4jTest2 - 警告信息
ERROR main com.bpzj.com.bpzj.log4jTest.log4jTest2 - 错误信息
FATAL main com.bpzj.com.bpzj.log4jTest.log4jTest2 - 致命信息
DEBUG main com.bpzj.com.bpzj.log4jTest.log4jTest2 - 调试信息
INFO main com.bpzj.com.bpzj.log4jTest.log4jTest2 - 输出信息
WARN main com.bpzj.com.bpzj.log4jTest.log4jTest2 - 警告信息
ERROR main com.bpzj.com.bpzj.log4jTest.log4jTest2 - 错误信息
FATAL main com.bpzj.com.bpzj.log4jTest.log4jTest2 - 致命信息
DEBUG main com.bpzj.com.bpzj.log4jTest.log4jTest2 - 调试信息
INFO main com.bpzj.com.bpzj.log4jTest.log4jTest2 - 输出信息
WARN main com.bpzj.com.bpzj.log4jTest.log4jTest2 - 警告信息
ERROR main com.bpzj.com.bpzj.log4jTest.log4jTest2 - 错误信息
FATAL main com.bpzj.com.bpzj.log4jTest.log4jTest2 - 致命信息
DEBUG main com.bpzj.com.bpzj.log4jTest.log4jTest2 - 调试信息
INFO main com.bpzj.com.bpzj.log4jTest.log4jTest2 - 输出信息
WARN main com.bpzj.com.bpzj.log4jTest.log4jTest2 - 警告信息
ERROR main com.bpzj.com.bpzj.log4jTest.log4jTest2 - 错误信息
FATAL main com.bpzj.com.bpzj.log4jTest.log4jTest2 - 致命信息
DEBUG main com.bpzj.com.bpzj.log4jTest.log4jTest2 - 调试信息
INFO main com.bpzj.com.bpzj.log4jTest.log4jTest2 - 输出信息
WARN main com.bpzj.com.bpzj.log4jTest.log4jTest2 - 警告信息
ERROR main com.bpzj.com.bpzj.log4jTest.log4jTest2 - 错误信息
FATAL main com.bpzj.com.bpzj.log4jTest.log4jTest2 - 致命信息
DEBUG main com.bpzj.com.bpzj.log4jTest.log4jTest2 - 调试信息
INFO main com.bpzj.com.bpzj.log4jTest.log4jTest2 - 输出信息
WARN main com.bpzj.com.bpzj.log4jTest.log4jTest2 - 警告信息
ERROR main com.bpzj.com.bpzj.log4jTest.log4jTest2 - 错误信息
FATAL main com.bpzj.com.bpzj.log4jTest.log4jTest2 - 致命信息
DEBUG main com.bpzj.com.bpzj.log4jTest.log4jTest2 - 调试信息
INFO main com.bpzj.com.bpzj.log4jTest.log4jTest2 - 输出信息
WARN main com.bpzj.com.bpzj.log4jTest.log4jTest2 - 警告信息
ERROR main com.bpzj.com.bpzj.log4jTest.log4jTest2 - 错误信息
FATAL main com.bpzj.com.bpzj.log4jTest.log4jTest2 - 致命信息
DEBUG main com.bpzj.com.bpzj.log4jTest.log4jTest2 - 调试信息
INFO main com.bpzj.com.bpzj.log4jTest.log4jTest2 - 输出信息
WARN main com.bpzj.com.bpzj.log4jTest.log4jTest2 - 警告信息
ERROR main com.bpzj.com.bpzj.log4jTest.log4jTest2 - 错误信息
FATAL main com.bpzj.com.bpzj.log4jTest.log4jTest2 - 致命信息
DEBUG main com.bpzj.com.bpzj.log4jTest.log4jTest2 - 调试信息
INFO main com.bpzj.com.bpzj.log4jTest.log4jTest2 - 输出信息
WARN main com.bpzj.com.bpzj.log4jTest.log4jTest2 - 警告信息
ERROR main com.bpzj.com.bpzj.log4jTest.log4jTest2 - 错误信息
FATAL main com.bpzj.com.bpzj.log4jTest.log4jTest2 - 致命信息
DEBUG main com.bpzj.com.bpzj.log4jTest.log4jTest2 - 调试信息
INFO main com.bpzj.com.bpzj.log4jTest.log4jTest2 - 输出信息
WARN main com.bpzj.com.bpzj.log4jTest.log4jTest2 - 警告信息
ERROR main com.bpzj.com.bpzj.log4jTest.log4jTest2 - 错误信息
FATAL main com.bpzj.com.bpzj.log4jTest.log4jTest2 - 致命信息
DEBUG main com.bpzj.com.bpzj.log4jTest.log4jTest2 - 调试信息
INFO main com.bpzj.com.bpzj.log4jTest.log4jTest2 - 输出信息
WARN main com.bpzj.com.bpzj.log4jTest.log4jTest2 - 警告信息
ERROR main com.bpzj.com.bpzj.log4jTest.log4jTest2 - 错误信息
FATAL main com.bpzj.com.bpzj.log4jTest.log4jTest2 - 致命信息
DEBUG main com.bpzj.com.bpzj.log4jTest.log4jTest2 - 调试信息
INFO main com.bpzj.com.bpzj.log4jTest.log4jTest2 - 输出信息
WARN main com.bpzj.com.bpzj.log4jTest.log4jTest2 - 警告信息
ERROR main com.bpzj.com.bpzj.log4jTest.log4jTest2 - 错误信息
FATAL main com.bpzj.com.bpzj.log4jTest.log4jTest2 - 致命信息
DEBUG main com.bpzj.com.bpzj.log4jTest.log4jTest2 - 调试信息
INFO main com.bpzj.com.bpzj.log4jTest.log4jTest2 - 输出信息
WARN main com.bpzj.com.bpzj.log4jTest.log4jTest2 - 警告信息
ERROR main com.bpzj.com.bpzj.log4jTest.log4jTest2 - 错误信息
FATAL main com.bpzj.com.bpzj.log4jTest.log4jTest2 - 致命信息
DEBUG main com.bpzj.com.bpzj.log4jTest.log4jTest2 - 调试信息
INFO main com.bpzj.com.bpzj.log4jTest.log4jTest2 - 输出信息
WARN main com.bpzj.com.bpzj.log4jTest.log4jTest2 - 警告信息
ERROR main com.bpzj.com.bpzj.log4jTest.log4jTest2 - 错误信息
FATAL main com.bpzj.com.bpzj.log4jTest.log4jTest2 - 致命信息
DEBUG main com.bpzj.com.bpzj.log4jTest.log4jTest2 - 调试信息
INFO main com.bpzj.com.bpzj.log4jTest.log4jTest2 - 输出信息
WARN main com.bpzj.com.bpzj.log4jTest.log4jTest2 - 警告信息
ERROR main com.bpzj.com.bpzj.log4jTest.log4jTest2 - 错误信息
FATAL main com.bpzj.com.bpzj.log4jTest.log4jTest2 - 致命信息
